<?xml version="1.0" encoding="UTF-8" ?>
<testsuite errors="1" failures="0" hostname="PC-Janiel" name="org.junit.runner.manipulation.Filter" tests="1" time="0.037" timestamp="2015-08-12T03:36:37">
  <properties />
  <testcase classname="org.junit.runner.manipulation.Filter" name="initializationError" time="0.035">
    <error message="No tests found matching grails test target pattern filter from org.junit.runner.Request$1@30ed03d7" type="java.lang.Exception">java.lang.Exception: No tests found matching grails test target pattern filter from org.junit.runner.Request$1@30ed03d7
</error>
  </testcase>
  <system-out><![CDATA[--Output from initializationError--
]]></system-out>
  <system-err><![CDATA[--Output from initializationError--
]]></system-err>
</testsuite>
